<?xml version="1.0" encoding="UTF-8"?>
<!-- Generated by org.testng.reporters.JUnitReportReporter -->
<testsuite skipped="0" hostname="LAPTOP-3543VF80" name="Execution.Executelinkedin" tests="1" failures="0" timestamp="05 Apr 2018 10:13:05 GMT" time="9.932" errors="1">
  <testcase name="EXe" time="9.932" classname="Execution.Executelinkedin">
    <error type="org.openqa.selenium.NoSuchElementException" message="Unable to locate element: {&quot;method&quot;:&quot;id&quot;,&quot;selector&quot;:&quot;login-email&quot;}
Command duration or timeout: 0 milliseconds">
      <![CDATA[org.openqa.selenium.NoSuchElementException: Unable to locate element: {"method":"id","selector":"login-email"}
Command duration or timeout: 0 milliseconds
at sun.reflect.NativeConstructorAccessorImpl.newInstance0(Native Method)
at sun.reflect.NativeConstructorAccessorImpl.newInstance(Unknown Source)
at sun.reflect.DelegatingConstructorAccessorImpl.newInstance(Unknown Source)
at java.lang.reflect.Constructor.newInstance(Unknown Source)
at org.openqa.selenium.remote.ErrorHandler.createThrowable(ErrorHandler.java:214)
at org.openqa.selenium.remote.ErrorHandler.throwIfResponseFailed(ErrorHandler.java:166)
at org.openqa.selenium.remote.http.JsonHttpResponseCodec.reconstructValue(JsonHttpResponseCodec.java:40)
at org.openqa.selenium.remote.http.AbstractHttpResponseCodec.decode(AbstractHttpResponseCodec.java:80)
at org.openqa.selenium.remote.http.AbstractHttpResponseCodec.decode(AbstractHttpResponseCodec.java:44)
at org.openqa.selenium.remote.HttpCommandExecutor.execute(HttpCommandExecutor.java:164)
at org.openqa.selenium.remote.service.DriverCommandExecutor.execute(DriverCommandExecutor.java:83)
at org.openqa.selenium.remote.RemoteWebDriver.execute(RemoteWebDriver.java:600)
at org.openqa.selenium.remote.RemoteWebDriver.findElement(RemoteWebDriver.java:370)
at org.openqa.selenium.remote.RemoteWebDriver.findElementById(RemoteWebDriver.java:416)
at org.openqa.selenium.By$ById.findElement(By.java:218)
at org.openqa.selenium.remote.RemoteWebDriver.findElement(RemoteWebDriver.java:362)
at Repository.Inspectlinkedin.user(Inspectlinkedin.java:17)
at Operation.Loginoperationlinkedin.excel(Loginoperationlinkedin.java:28)
at Execution.Executelinkedin.EXe(Executelinkedin.java:13)
at sun.reflect.NativeMethodAccessorImpl.invoke0(Native Method)
at sun.reflect.NativeMethodAccessorImpl.invoke(Unknown Source)
at sun.reflect.DelegatingMethodAccessorImpl.invoke(Unknown Source)
at java.lang.reflect.Method.invoke(Unknown Source)
at org.testng.internal.MethodInvocationHelper.invokeMethod(MethodInvocationHelper.java:124)
at org.testng.internal.Invoker.invokeMethod(Invoker.java:580)
at org.testng.internal.Invoker.invokeTestMethod(Invoker.java:716)
at org.testng.internal.Invoker.invokeTestMethods(Invoker.java:988)
at org.testng.internal.TestMethodWorker.invokeTestMethods(TestMethodWorker.java:125)
at org.testng.internal.TestMethodWorker.run(TestMethodWorker.java:109)
at org.testng.TestRunner.privateRun(TestRunner.java:648)
at org.testng.TestRunner.run(TestRunner.java:505)
at org.testng.SuiteRunner.runTest(SuiteRunner.java:455)
at org.testng.SuiteRunner.runSequentially(SuiteRunner.java:450)
at org.testng.SuiteRunner.privateRun(SuiteRunner.java:415)
at org.testng.SuiteRunner.run(SuiteRunner.java:364)
at org.testng.SuiteRunnerWorker.runSuite(SuiteRunnerWorker.java:52)
at org.testng.SuiteRunnerWorker.run(SuiteRunnerWorker.java:84)
at org.testng.TestNG.runSuitesSequentially(TestNG.java:1208)
at org.testng.TestNG.runSuitesLocally(TestNG.java:1137)
at org.testng.TestNG.runSuites(TestNG.java:1049)
at org.testng.TestNG.run(TestNG.java:1017)
at org.testng.remote.AbstractRemoteTestNG.run(AbstractRemoteTestNG.java:114)
at org.testng.remote.RemoteTestNG.initAndRun(RemoteTestNG.java:251)
at org.testng.remote.RemoteTestNG.main(RemoteTestNG.java:77)
Caused by: org.openqa.selenium.NoSuchElementException: Unable to locate element: {"method":"id","selector":"login-email"}
For documentation on this error, please visit: http://seleniumhq.org/exceptions/no_such_element.html
Build info: version: '3.7.1', revision: '8a0099a', time: '2017-11-06T21:07:31.527Z'
System info: host: 'LAPTOP-3543VF80', ip: '192.168.0.54', os.name: 'Windows 10', os.arch: 'amd64', os.version: '10.0', java.version: '1.8.0_162'
Driver info: driver.version: unknown
at <anonymous class>.FirefoxDriver.prototype.findElementInternal_(file:///C:/Users/NAGESH~1/AppData/Local/Temp/anonymous3383488423770489009webdriver-profile/extensions/fxdriver@googlecode.com/components/driver-component.js:11867)
at <anonymous class>.FirefoxDriver.prototype.findElement(file:///C:/Users/NAGESH~1/AppData/Local/Temp/anonymous3383488423770489009webdriver-profile/extensions/fxdriver@googlecode.com/components/driver-component.js:11876)
at <anonymous class>.DelayedCommand.prototype.executeInternal_/k(file:///C:/Users/NAGESH~1/AppData/Local/Temp/anonymous3383488423770489009webdriver-profile/extensions/fxdriver@googlecode.com/components/command-processor.js:13361)
at <anonymous class>.DelayedCommand.prototype.executeInternal_(file:///C:/Users/NAGESH~1/AppData/Local/Temp/anonymous3383488423770489009webdriver-profile/extensions/fxdriver@googlecode.com/components/command-processor.js:13366)
at <anonymous class>.DelayedCommand.prototype.execute/<(file:///C:/Users/NAGESH~1/AppData/Local/Temp/anonymous3383488423770489009webdriver-profile/extensions/fxdriver@googlecode.com/components/command-processor.js:13308)
]]>
    </error>
  </testcase> <!-- EXe -->
</testsuite> <!-- Execution.Executelinkedin -->
